<?xml version="1.0" encoding="UTF-8"?>
<testsuite xmlns:xsi="http://www.w3.org/2001/XMLSchema-instance" xsi:noNamespaceSchemaLocation="https://maven.apache.org/surefire/maven-surefire-plugin/xsd/surefire-test-report-3.0.xsd" version="3.0" name="rentasad.library.db.ConnectionInfoTest" time="0.029" tests="2" errors="0" skipped="0" failures="0">
  <properties>
    <property name="java.specification.version" value="17"/>
    <property name="sun.cpu.isalist" value="amd64"/>
    <property name="sun.jnu.encoding" value="Cp1252"/>
    <property name="java.class.path" value="C:\Users\matth\IdeaProjects\rentasad\library_db\modules\rentasad.library.db.mysql\target\test-classes;C:\Users\matth\IdeaProjects\rentasad\library_db\modules\rentasad.library.db.mysql\target\classes;C:\Users\matth\.m2\repository\rentasad\library\rentasad.library.basicTools.configFileTool\B2.6.1\rentasad.library.basicTools.configFileTool-B2.6.1.jar;C:\Users\matth\.m2\repository\commons-io\commons-io\2.16.1\commons-io-2.16.1.jar;C:\Users\matth\.m2\repository\rentasad\library\rentasad.library.basicTools.logging\B2.6.1\rentasad.library.basicTools.logging-B2.6.1.jar;C:\Users\matth\.m2\repository\org\ini4j\ini4j\0.5.4\ini4j-0.5.4.jar;C:\Users\matth\.m2\repository\org\jetbrains\annotations\23.0.0\annotations-23.0.0.jar;C:\Users\matth\.m2\repository\org\junit\jupiter\junit-jupiter-engine\5.8.2\junit-jupiter-engine-5.8.2.jar;C:\Users\matth\.m2\repository\org\junit\platform\junit-platform-engine\1.8.2\junit-platform-engine-1.8.2.jar;C:\Users\matth\.m2\repository\org\opentest4j\opentest4j\1.2.0\opentest4j-1.2.0.jar;C:\Users\matth\.m2\repository\org\junit\platform\junit-platform-commons\1.8.2\junit-platform-commons-1.8.2.jar;C:\Users\matth\.m2\repository\org\junit\jupiter\junit-jupiter-api\5.8.2\junit-jupiter-api-5.8.2.jar;C:\Users\matth\.m2\repository\org\apiguardian\apiguardian-api\1.1.2\apiguardian-api-1.1.2.jar;C:\Users\matth\.m2\repository\org\projectlombok\lombok\1.18.30\lombok-1.18.30.jar;C:\Users\matth\.m2\repository\org\slf4j\slf4j-api\2.0.14\slf4j-api-2.0.14.jar;C:\Users\matth\.m2\repository\org\slf4j\slf4j-simple\2.0.14\slf4j-simple-2.0.14.jar;C:\Users\matth\.m2\repository\ch\qos\logback\logback-classic\1.5.6\logback-classic-1.5.6.jar;C:\Users\matth\.m2\repository\ch\qos\logback\logback-core\1.5.6\logback-core-1.5.6.jar;C:\Users\matth\.m2\repository\com\zaxxer\HikariCP\5.1.0\HikariCP-5.1.0.jar;C:\Users\matth\.m2\repository\org\testcontainers\testcontainers\1.20.1\testcontainers-1.20.1.jar;C:\Users\matth\.m2\repository\junit\junit\4.13.2\junit-4.13.2.jar;C:\Users\matth\.m2\repository\org\hamcrest\hamcrest-core\1.3\hamcrest-core-1.3.jar;C:\Users\matth\.m2\repository\org\apache\commons\commons-compress\1.24.0\commons-compress-1.24.0.jar;C:\Users\matth\.m2\repository\org\rnorth\duct-tape\duct-tape\1.0.8\duct-tape-1.0.8.jar;C:\Users\matth\.m2\repository\com\github\docker-java\docker-java-api\3.4.0\docker-java-api-3.4.0.jar;C:\Users\matth\.m2\repository\com\fasterxml\jackson\core\jackson-annotations\2.10.3\jackson-annotations-2.10.3.jar;C:\Users\matth\.m2\repository\com\github\docker-java\docker-java-transport-zerodep\3.4.0\docker-java-transport-zerodep-3.4.0.jar;C:\Users\matth\.m2\repository\com\github\docker-java\docker-java-transport\3.4.0\docker-java-transport-3.4.0.jar;C:\Users\matth\.m2\repository\net\java\dev\jna\jna\5.13.0\jna-5.13.0.jar;C:\Users\matth\.m2\repository\org\testcontainers\mysql\1.20.1\mysql-1.20.1.jar;C:\Users\matth\.m2\repository\org\testcontainers\jdbc\1.20.1\jdbc-1.20.1.jar;C:\Users\matth\.m2\repository\org\testcontainers\database-commons\1.20.1\database-commons-1.20.1.jar;C:\Users\matth\.m2\repository\org\testcontainers\junit-jupiter\1.20.1\junit-jupiter-1.20.1.jar;C:\Users\matth\.m2\repository\org\mockito\mockito-core\4.3.1\mockito-core-4.3.1.jar;C:\Users\matth\.m2\repository\net\bytebuddy\byte-buddy\1.12.7\byte-buddy-1.12.7.jar;C:\Users\matth\.m2\repository\net\bytebuddy\byte-buddy-agent\1.12.7\byte-buddy-agent-1.12.7.jar;C:\Users\matth\.m2\repository\org\objenesis\objenesis\3.2\objenesis-3.2.jar;C:\Users\matth\.m2\repository\org\mockito\mockito-junit-jupiter\4.3.1\mockito-junit-jupiter-4.3.1.jar;C:\Users\matth\.m2\repository\com\jcraft\jsch\0.1.55\jsch-0.1.55.jar;C:\Users\matth\.m2\repository\com\hierynomus\sshj\0.38.0\sshj-0.38.0.jar;C:\Users\matth\.m2\repository\org\bouncycastle\bcprov-jdk18on\1.75\bcprov-jdk18on-1.75.jar;C:\Users\matth\.m2\repository\org\bouncycastle\bcpkix-jdk18on\1.75\bcpkix-jdk18on-1.75.jar;C:\Users\matth\.m2\repository\org\bouncycastle\bcutil-jdk18on\1.75\bcutil-jdk18on-1.75.jar;C:\Users\matth\.m2\repository\com\hierynomus\asn-one\0.6.0\asn-one-0.6.0.jar;C:\Users\matth\.m2\repository\net\i2p\crypto\eddsa\0.3.0\eddsa-0.3.0.jar;C:\Users\matth\.m2\repository\org\apache\sshd\sshd-core\2.13.1\sshd-core-2.13.1.jar;C:\Users\matth\.m2\repository\org\apache\sshd\sshd-common\2.13.1\sshd-common-2.13.1.jar;C:\Users\matth\.m2\repository\org\slf4j\jcl-over-slf4j\1.7.32\jcl-over-slf4j-1.7.32.jar;C:\Users\matth\.m2\repository\rentasad\library\rentasad.library.basicTools.stringTools\B2.6.1\rentasad.library.basicTools.stringTools-B2.6.1.jar;C:\Users\matth\.m2\repository\com\mysql\mysql-connector-j\8.0.33\mysql-connector-j-8.0.33.jar;C:\Users\matth\.m2\repository\com\google\protobuf\protobuf-java\3.21.9\protobuf-java-3.21.9.jar;"/>
    <property name="java.vm.vendor" value="Azul Systems, Inc."/>
    <property name="sun.arch.data.model" value="64"/>
    <property name="user.variant" value=""/>
    <property name="java.vendor.url" value="http://www.azul.com/"/>
    <property name="user.timezone" value="Europe/Berlin"/>
    <property name="os.name" value="Windows 11"/>
    <property name="java.vm.specification.version" value="17"/>
    <property name="sun.java.launcher" value="SUN_STANDARD"/>
    <property name="user.country" value="DE"/>
    <property name="sun.boot.library.path" value="C:\Users\matth\.jdks\azul-17.0.13\bin"/>
    <property name="sun.java.command" value="C:\Users\matth\AppData\Local\Temp\surefire18063411532552236024\surefirebooter-20241114180754287_3.jar C:\Users\matth\AppData\Local\Temp\surefire18063411532552236024 2024-11-14T18-07-54_183-jvmRun1 surefire-20241114180754287_1tmp surefire_0-20241114180754287_2tmp"/>
    <property name="jdk.debug" value="release"/>
    <property name="surefire.test.class.path" value="C:\Users\matth\IdeaProjects\rentasad\library_db\modules\rentasad.library.db.mysql\target\test-classes;C:\Users\matth\IdeaProjects\rentasad\library_db\modules\rentasad.library.db.mysql\target\classes;C:\Users\matth\.m2\repository\rentasad\library\rentasad.library.basicTools.configFileTool\B2.6.1\rentasad.library.basicTools.configFileTool-B2.6.1.jar;C:\Users\matth\.m2\repository\commons-io\commons-io\2.16.1\commons-io-2.16.1.jar;C:\Users\matth\.m2\repository\rentasad\library\rentasad.library.basicTools.logging\B2.6.1\rentasad.library.basicTools.logging-B2.6.1.jar;C:\Users\matth\.m2\repository\org\ini4j\ini4j\0.5.4\ini4j-0.5.4.jar;C:\Users\matth\.m2\repository\org\jetbrains\annotations\23.0.0\annotations-23.0.0.jar;C:\Users\matth\.m2\repository\org\junit\jupiter\junit-jupiter-engine\5.8.2\junit-jupiter-engine-5.8.2.jar;C:\Users\matth\.m2\repository\org\junit\platform\junit-platform-engine\1.8.2\junit-platform-engine-1.8.2.jar;C:\Users\matth\.m2\repository\org\opentest4j\opentest4j\1.2.0\opentest4j-1.2.0.jar;C:\Users\matth\.m2\repository\org\junit\platform\junit-platform-commons\1.8.2\junit-platform-commons-1.8.2.jar;C:\Users\matth\.m2\repository\org\junit\jupiter\junit-jupiter-api\5.8.2\junit-jupiter-api-5.8.2.jar;C:\Users\matth\.m2\repository\org\apiguardian\apiguardian-api\1.1.2\apiguardian-api-1.1.2.jar;C:\Users\matth\.m2\repository\org\projectlombok\lombok\1.18.30\lombok-1.18.30.jar;C:\Users\matth\.m2\repository\org\slf4j\slf4j-api\2.0.14\slf4j-api-2.0.14.jar;C:\Users\matth\.m2\repository\org\slf4j\slf4j-simple\2.0.14\slf4j-simple-2.0.14.jar;C:\Users\matth\.m2\repository\ch\qos\logback\logback-classic\1.5.6\logback-classic-1.5.6.jar;C:\Users\matth\.m2\repository\ch\qos\logback\logback-core\1.5.6\logback-core-1.5.6.jar;C:\Users\matth\.m2\repository\com\zaxxer\HikariCP\5.1.0\HikariCP-5.1.0.jar;C:\Users\matth\.m2\repository\org\testcontainers\testcontainers\1.20.1\testcontainers-1.20.1.jar;C:\Users\matth\.m2\repository\junit\junit\4.13.2\junit-4.13.2.jar;C:\Users\matth\.m2\repository\org\hamcrest\hamcrest-core\1.3\hamcrest-core-1.3.jar;C:\Users\matth\.m2\repository\org\apache\commons\commons-compress\1.24.0\commons-compress-1.24.0.jar;C:\Users\matth\.m2\repository\org\rnorth\duct-tape\duct-tape\1.0.8\duct-tape-1.0.8.jar;C:\Users\matth\.m2\repository\com\github\docker-java\docker-java-api\3.4.0\docker-java-api-3.4.0.jar;C:\Users\matth\.m2\repository\com\fasterxml\jackson\core\jackson-annotations\2.10.3\jackson-annotations-2.10.3.jar;C:\Users\matth\.m2\repository\com\github\docker-java\docker-java-transport-zerodep\3.4.0\docker-java-transport-zerodep-3.4.0.jar;C:\Users\matth\.m2\repository\com\github\docker-java\docker-java-transport\3.4.0\docker-java-transport-3.4.0.jar;C:\Users\matth\.m2\repository\net\java\dev\jna\jna\5.13.0\jna-5.13.0.jar;C:\Users\matth\.m2\repository\org\testcontainers\mysql\1.20.1\mysql-1.20.1.jar;C:\Users\matth\.m2\repository\org\testcontainers\jdbc\1.20.1\jdbc-1.20.1.jar;C:\Users\matth\.m2\repository\org\testcontainers\database-commons\1.20.1\database-commons-1.20.1.jar;C:\Users\matth\.m2\repository\org\testcontainers\junit-jupiter\1.20.1\junit-jupiter-1.20.1.jar;C:\Users\matth\.m2\repository\org\mockito\mockito-core\4.3.1\mockito-core-4.3.1.jar;C:\Users\matth\.m2\repository\net\bytebuddy\byte-buddy\1.12.7\byte-buddy-1.12.7.jar;C:\Users\matth\.m2\repository\net\bytebuddy\byte-buddy-agent\1.12.7\byte-buddy-agent-1.12.7.jar;C:\Users\matth\.m2\repository\org\objenesis\objenesis\3.2\objenesis-3.2.jar;C:\Users\matth\.m2\repository\org\mockito\mockito-junit-jupiter\4.3.1\mockito-junit-jupiter-4.3.1.jar;C:\Users\matth\.m2\repository\com\jcraft\jsch\0.1.55\jsch-0.1.55.jar;C:\Users\matth\.m2\repository\com\hierynomus\sshj\0.38.0\sshj-0.38.0.jar;C:\Users\matth\.m2\repository\org\bouncycastle\bcprov-jdk18on\1.75\bcprov-jdk18on-1.75.jar;C:\Users\matth\.m2\repository\org\bouncycastle\bcpkix-jdk18on\1.75\bcpkix-jdk18on-1.75.jar;C:\Users\matth\.m2\repository\org\bouncycastle\bcutil-jdk18on\1.75\bcutil-jdk18on-1.75.jar;C:\Users\matth\.m2\repository\com\hierynomus\asn-one\0.6.0\asn-one-0.6.0.jar;C:\Users\matth\.m2\repository\net\i2p\crypto\eddsa\0.3.0\eddsa-0.3.0.jar;C:\Users\matth\.m2\repository\org\apache\sshd\sshd-core\2.13.1\sshd-core-2.13.1.jar;C:\Users\matth\.m2\repository\org\apache\sshd\sshd-common\2.13.1\sshd-common-2.13.1.jar;C:\Users\matth\.m2\repository\org\slf4j\jcl-over-slf4j\1.7.32\jcl-over-slf4j-1.7.32.jar;C:\Users\matth\.m2\repository\rentasad\library\rentasad.library.basicTools.stringTools\B2.6.1\rentasad.library.basicTools.stringTools-B2.6.1.jar;C:\Users\matth\.m2\repository\com\mysql\mysql-connector-j\8.0.33\mysql-connector-j-8.0.33.jar;C:\Users\matth\.m2\repository\com\google\protobuf\protobuf-java\3.21.9\protobuf-java-3.21.9.jar;"/>
    <property name="sun.cpu.endian" value="little"/>
    <property name="user.home" value="C:\Users\matth"/>
    <property name="user.language" value="de"/>
    <property name="java.specification.vendor" value="Oracle Corporation"/>
    <property name="java.version.date" value="2024-10-15"/>
    <property name="java.home" value="C:\Users\matth\.jdks\azul-17.0.13"/>
    <property name="file.separator" value="\"/>
    <property name="basedir" value="C:\Users\matth\IdeaProjects\rentasad\library_db\modules\rentasad.library.db.mysql"/>
    <property name="java.vm.compressedOopsMode" value="Zero based"/>
    <property name="line.separator" value="&#10;"/>
    <property name="java.vm.specification.vendor" value="Oracle Corporation"/>
    <property name="java.specification.name" value="Java Platform API Specification"/>
    <property name="surefire.real.class.path" value="C:\Users\matth\AppData\Local\Temp\surefire18063411532552236024\surefirebooter-20241114180754287_3.jar"/>
    <property name="user.script" value=""/>
    <property name="sun.management.compiler" value="HotSpot 64-Bit Tiered Compilers"/>
    <property name="java.runtime.version" value="17.0.13+11-LTS"/>
    <property name="user.name" value="matth"/>
    <property name="path.separator" value=";"/>
    <property name="os.version" value="10.0"/>
    <property name="java.runtime.name" value="OpenJDK Runtime Environment"/>
    <property name="file.encoding" value="Cp1252"/>
    <property name="java.vm.name" value="OpenJDK 64-Bit Server VM"/>
    <property name="java.vendor.version" value="Zulu17.54+21-CA"/>
    <property name="localRepository" value="C:\Users\matth\.m2\repository"/>
    <property name="java.vendor.url.bug" value="http://www.azul.com/support/"/>
    <property name="java.io.tmpdir" value="C:\Users\matth\AppData\Local\Temp\"/>
    <property name="java.version" value="17.0.13"/>
    <property name="user.dir" value="C:\Users\matth\IdeaProjects\rentasad\library_db\modules\rentasad.library.db.mysql"/>
    <property name="os.arch" value="amd64"/>
    <property name="java.vm.specification.name" value="Java Virtual Machine Specification"/>
    <property name="sun.os.patch.level" value=""/>
    <property name="native.encoding" value="Cp1252"/>
    <property name="java.library.path" value="C:\Users\matth\.jdks\azul-17.0.13\bin;C:\WINDOWS\Sun\Java\bin;C:\WINDOWS\system32;C:\WINDOWS;C:\WINDOWS\system32;C:\WINDOWS;C:\WINDOWS\System32\Wbem;C:\WINDOWS\System32\WindowsPowerShell\v1.0\;C:\WINDOWS\System32\OpenSSH\;C:\Users\matth\AppData\Local\UniGetUI\Chocolatey\lib\maven\apache-maven-3.9.9\bin;C:\Users\matth\.jdks\azul-17.0.13\bin;C:\Program Files\Docker\Docker\resources\bin;C:\Program Files\Git\cmd;C:\Users\matth\AppData\Local\UniGetUI\Chocolatey\bin;C:\Users\matth\AppData\Local\Microsoft\WindowsApps;C:\Users\matth\AppData\Local\JetBrains\Toolbox\scripts;;."/>
    <property name="java.vm.info" value="mixed mode, sharing"/>
    <property name="java.vendor" value="Azul Systems, Inc."/>
    <property name="java.vm.version" value="17.0.13+11-LTS"/>
    <property name="java.specification.maintenance.version" value="1"/>
    <property name="sun.io.unicode.encoding" value="UnicodeLittle"/>
    <property name="java.class.version" value="61.0"/>
  </properties>
  <testcase name="testGetConnectionInfoFromConfigMapFromIniFile" classname="rentasad.library.db.ConnectionInfoTest" time="0.02"/>
  <testcase name="testGetConnectionInfoFromConfigMap" classname="rentasad.library.db.ConnectionInfoTest" time="0.001"/>
</testsuite>